C51 COMPILER V9.60.7.0   ADC_INTERFACE                                                     03/21/2024 14:51:43 PAGE 1   


C51 COMPILER V9.60.7.0, COMPILATION OF MODULE ADC_INTERFACE
OBJECT MODULE PLACED IN .\Objects\ADC_interface.obj
COMPILER INVOKED BY: C:\Keil_v5\C51\BIN\C51.EXE ADC_interface.c OPTIMIZE(8,SPEED) BROWSE DEBUG OBJECTEXTEND PRINT(.\List
                    -ings\ADC_interface.lst) TABS(2) OBJECT(.\Objects\ADC_interface.obj)

line level    source

   1          #include <reg51.h>
   2          #include <LIB/STD_TYPES.h>
   3          
   4          #define ADC_PORT P2
   5          
   6          sbit ALE   = P3^0;
   7          sbit ADD_A = P3^1; 
   8          sbit ADD_B = P3^2;
   9          sbit ADD_C = P3^3;
  10          sbit OE    = P3^4;
  11          sbit EOC   = P3^5;
  12          sbit START = P3^6;
  13          sbit CLK   = P3^7;
  14          
  15          void Timer0Init();
  16          
  17          #define TIMER0_MODE  2
  18          
  19          void Timer0Init()
  20          {
  21   1        TMOD = (TMOD & 0XF0) | TIMER0_MODE;
  22   1        TH0=0XA4;
  23   1        TL0=0XA4;
  24   1        ET0 = 1;
  25   1        EA = 1;
  26   1      }
  27          
  28          void Timer0INT() interrupt 1 
  29          {
  30   1        CLK = ~CLK;
  31   1      }
  32          
  33          
  34          
  35          
  36          
  37          void ADC_Delay();
  38          
  39          void ADC_init()
  40          {
  41   1        ADC_PORT = 0XFF;
  42   1        // OUT 0 / INPUT 1
  43   1        ALE   =0 ;
  44   1        ADD_A =0 ;
  45   1        ADD_B =0 ;
  46   1        ADD_C =0 ;
  47   1        OE    =0 ;
  48   1        EOC   =1 ;
  49   1        START =0 ;
  50   1        CLK   =0 ;
  51   1      }
  52          
  53          u8 ADC_u8START_CONV(u8 Copy_u8ChannelSel,u8 *Copy_pu8ReadData)
  54          {
C51 COMPILER V9.60.7.0   ADC_INTERFACE                                                     03/21/2024 14:51:43 PAGE 2   

  55   1        u8 Local_u8StateError = OK;
  56   1        if(Copy_pu8ReadData!=NULL)
  57   1        {
  58   2          if(Copy_u8ChannelSel<7)
  59   2          {
  60   3            ADD_A = Copy_u8ChannelSel & 1;
  61   3            ADD_B = Copy_u8ChannelSel>>1  & 1;
  62   3            ADD_C = Copy_u8ChannelSel>>2  & 1;
  63   3            ALE = 1;
  64   3            ADC_Delay();
  65   3            ALE = 0;
  66   3            START = 1;
  67   3            ADC_Delay();
  68   3            while(EOC==1);
  69   3            while(EOC==0);
  70   3            OE = 1;
  71   3            ADC_Delay();
  72   3            OE = 0;
  73   3            *Copy_pu8ReadData = ADC_PORT;
  74   3          }
  75   2          else
  76   2            Local_u8StateError = NOTOK;
  77   2        }
  78   1        else
  79   1        {
  80   2          Local_u8StateError=NULL_POINTER;
  81   2        }
  82   1        return Local_u8StateError;
  83   1          
  84   1      }
  85          
  86          
  87          void main()
  88          {
  89   1        ADC_init();
  90   1        u8 Read ;
*** ERROR C141 IN LINE 90 OF ADC_interface.c: syntax error near 'u8', expected '__asm'
*** ERROR C202 IN LINE 90 OF ADC_interface.c: 'Read': undefined identifier
  91   1        ADC_u8START_CONV(0,&Read);
*** ERROR C202 IN LINE 91 OF ADC_interface.c: 'Read': undefined identifier
  92   1        
  93   1      }
  94          
  95          // private func
  96          #define ADC_U32_TIMEOUT 50000;
  97          void ADC_Delay()
  98          {
  99   1        u8 Count=0;
 100   1        for( Count=0; Count<1275;count++);
*** ERROR C202 IN LINE 100 OF ADC_interface.c: 'count': undefined identifier
 101   1      }

C51 COMPILATION COMPLETE.  0 WARNING(S),  4 ERROR(S)
