C51 COMPILER V9.60.7.0   ADC_PROGRAM                                                       04/08/2024 15:22:09 PAGE 1   


C51 COMPILER V9.60.7.0, COMPILATION OF MODULE ADC_PROGRAM
OBJECT MODULE PLACED IN .\Objects\ADC_program.obj
COMPILER INVOKED BY: C:\Keil_v5\C51\BIN\C51.EXE ADC\ADC_program.c OPTIMIZE(8,SPEED) BROWSE DEBUG OBJECTEXTEND PRINT(.\Li
                    -stings\ADC_program.lst) TABS(2) OBJECT(.\Objects\ADC_program.obj)

line level    source

   1          
   2          
   3          #include <reg51.h>
   4          #include "LIB/STD_TYPES.h"
   5          #include "LIB/BIT_MATH.h"
   6          #include "ADC/ADC_private.h"
   7          #include "ADC/ADC_config.h"
   8          #include "ADC/ADC_interface.h"
   9          
  10          
  11          
  12          
  13          
  14          void Timer0Init()
  15          {
  16   1        TMOD = (TMOD & 0XF0) | TIMER0_MODE;
  17   1        TH0=0XA4;
  18   1        TL0=0XA4;
  19   1        IE = 0X82;
  20   1        TR0 = 1;
  21   1      }
  22          
  23          void Timer0INT() interrupt 1 
  24          {
  25   1        CLK = ~CLK;
  26   1      }
  27          
  28          
  29          void ADC_init()
  30          {
  31   1        ADC_PORT = 0XFF;
  32   1        // OUT 0 / INPUT 1
  33   1        P1=0X00;
  34   1        ALE   =0 ;
  35   1        ADD_A =0 ;
  36   1        ADD_B =0 ;
  37   1        ADD_C =0 ;
  38   1        OE    =0 ;
  39   1        EOC   =1 ;
  40   1        START =0 ;
  41   1        CLK   =0 ;
  42   1      }
  43          
  44          u8 ADC_u8START_CONV(u8 Copy_u8ChannelSel,u8 *Copy_pu8ReadData)
  45          {
  46   1        u8 Local_u8StateError = OK;
  47   1        if(Copy_pu8ReadData!=NULL)
  48   1        {
  49   2          if(Copy_u8ChannelSel<7)
  50   2          {
  51   3            
  52   3            ADD_A = Copy_u8ChannelSel & 1;
  53   3            ADD_B = Copy_u8ChannelSel>>1  & 1;
  54   3            ADD_C = Copy_u8ChannelSel>>2  & 1;
C51 COMPILER V9.60.7.0   ADC_PROGRAM                                                       04/08/2024 15:22:09 PAGE 2   

  55   3            ALE = 1;
  56   3            START = 1;
  57   3            ADC_Delay();
  58   3            ALE = 0;
  59   3            START = 0;
  60   3            
  61   3            ADC_Delay();
  62   3            while(EOC==1);
  63   3            while(EOC==0);
  64   3            OE = 1;
  65   3            ADC_Delay();
  66   3            *Copy_pu8ReadData = ADC_PORT;
  67   3            OE = 0;
  68   3            
  69   3          }
  70   2          else
  71   2            Local_u8StateError = NOTOK;
  72   2        }
  73   1        else
  74   1        {
  75   2          Local_u8StateError=NULL_POINTER;
  76   2        }
  77   1        return Local_u8StateError;
  78   1      }
  79          u8 ADC_u8START_CONV_Chain(Chain_t* ChainOptions)
  80          {
  81   1        u8 Local_u8StateError = OK;
  82   1        u8 Local_u8Itration = 0;
  83   1        if(ChainOptions->NotificationFunc!=NULL)
  84   1        {
  85   2          for(Local_u8Itration = 0;Local_u8Itration<ChainOptions->totNoOfChannel;Local_u8Itration++)
  86   2          {
  87   3            ADC_u8START_CONV(ChainOptions->ChannelArr[Local_u8Itration],(ChainOptions->reading+Local_u8Itration));
  88   3          }
  89   2          ChainOptions->NotificationFunc();
  90   2        }
  91   1        else
  92   1        {
  93   2          Local_u8StateError=NULL_POINTER;
  94   2        }
  95   1        return Local_u8StateError;
  96   1      }
  97          static void ADC_Delay()
  98          {
  99   1        u8 Count;
 100   1        for(Count=0;Count<127;Count++)
 101   1        {
 102   2      
 103   2        }
 104   1      }


MODULE INFORMATION:   STATIC OVERLAYABLE
   CODE SIZE        =    252    ----
   CONSTANT SIZE    =   ----    ----
   XDATA SIZE       =   ----    ----
   PDATA SIZE       =   ----    ----
   DATA SIZE        =   ----       9
   IDATA SIZE       =   ----    ----
   BIT SIZE         =   ----    ----
END OF MODULE INFORMATION.


C51 COMPILATION COMPLETE.  0 WARNING(S),  0 ERROR(S)
