C51 COMPILER V9.60.7.0   MAIN                                                              04/08/2024 15:22:52 PAGE 1   


C51 COMPILER V9.60.7.0, COMPILATION OF MODULE MAIN
OBJECT MODULE PLACED IN .\Objects\main.obj
COMPILER INVOKED BY: C:\Keil_v5\C51\BIN\C51.EXE main.c OPTIMIZE(8,SPEED) BROWSE DEBUG OBJECTEXTEND PRINT(.\Listings\main
                    -.lst) TABS(2) OBJECT(.\Objects\main.obj)

line level    source

   1          #include <reg51.h>
   2          #include "LIB/STD_TYPES.h"
   3          #include "ADC/ADC_interface.h"
   4          #include "LCD/LCD_interface.h"
   5          /*
   6          u8 Read;
   7          void main()
   8          {
   9            Timer0Init();
  10            ADC_init();
  11            while(1)
  12            {
  13              ADC_u8START_CONV(1,&Read);
  14              P1=Read;
  15            }
  16          }
  17          
  18          */
  19          
  20          sbit g0 = P0^6;
  21          sbit g1 = P0^7;
  22          
  23          u8 Channel[2]= {0,1};
  24          u8 Reault[2];
  25          void Noty_func();
  26          u8 milliVolt;
  27          Chain_t ch1 ={Channel,2,Reault,Noty_func};
  28          void app_delay();
  29          void main()
  30          {
  31   1        lcd_init();
  32   1        
  33   1        Timer0Init();
  34   1        ADC_init();
  35   1        while(1)
  36   1        {
  37   2          ADC_u8START_CONV_Chain(&ch1);
  38   2        }
  39   1        
  40   1      }
  41          
  42          void Noty_func()
  43          {
  44   1        g0 = 0;
  45   1        g1 = 1;
  46   1        milliVolt=(u16)((u32)(ch1.reading[0])*5000UL/256UL);
  47   1        LCD_String("temp : ");
  48   1        LCD_WriteNumber(milliVolt);
  49   1        app_delay();
  50   1        g1 = 0;
  51   1        g0 = 1;
  52   1        milliVolt=(u16)((u32)(ch1.reading[1])*5000UL/256UL);
  53   1        P1=milliVolt;
  54   1        app_delay();
C51 COMPILER V9.60.7.0   MAIN                                                              04/08/2024 15:22:52 PAGE 2   

  55   1        LCD_WriteNumber(milliVolt);
  56   1        
  57   1      }
  58          
  59          void app_delay()
  60          {
  61   1        u16 i;
  62   1        for(i=0;i<1275;i++);
  63   1      }


MODULE INFORMATION:   STATIC OVERLAYABLE
   CODE SIZE        =    138    ----
   CONSTANT SIZE    =      8    ----
   XDATA SIZE       =   ----    ----
   PDATA SIZE       =   ----    ----
   DATA SIZE        =     15    ----
   IDATA SIZE       =   ----    ----
   BIT SIZE         =   ----    ----
END OF MODULE INFORMATION.


C51 COMPILATION COMPLETE.  0 WARNING(S),  0 ERROR(S)
