C51 COMPILER V9.60.7.0   UART                                                              01/19/2025 11:29:34 PAGE 1   


C51 COMPILER V9.60.7.0, COMPILATION OF MODULE UART
OBJECT MODULE PLACED IN .\Objects\UART.obj
COMPILER INVOKED BY: C:\Keil_v5\C51\BIN\C51.EXE UART.c OPTIMIZE(8,SPEED) BROWSE DEBUG OBJECTEXTEND PRINT(.\Listings\UART
                    -.lst) OBJECT(.\Objects\UART.obj)

line level    source

   1          #include <reg52.h>
   2          #include "UART.h"
   3          
   4          // Initialize UART
   5          void UART_Init() {
   6   1          SCON = 0x50; // Mode 1: 8-bit UART
   7   1          TMOD |= 0x20; // Timer 1 in Mode 2
   8   1          TH1 = 0xFD; // 9600 baud rate
   9   1          TR1 = 1; // Start Timer 1
  10   1      }
  11          
  12          // Send a character via UART
  13          void UART_SendChar(char c) {
  14   1          SBUF = c;
  15   1          while (!TI);
  16   1          TI = 0;
  17   1      }
  18          
  19          // Receive a character via UART
  20          char UART_ReceiveChar() {
  21   1          while (!RI);
  22   1          RI = 0;
  23   1          return SBUF;
  24   1      }
  25          
  26          // Send a string via UART
  27          void UART_SendString(char *str) {
  28   1          while (*str) {
  29   2              UART_SendChar(*str++);
  30   2          }
  31   1      }


MODULE INFORMATION:   STATIC OVERLAYABLE
   CODE SIZE        =     65    ----
   CONSTANT SIZE    =   ----    ----
   XDATA SIZE       =   ----    ----
   PDATA SIZE       =   ----    ----
   DATA SIZE        =   ----       3
   IDATA SIZE       =   ----    ----
   BIT SIZE         =   ----    ----
END OF MODULE INFORMATION.


C51 COMPILATION COMPLETE.  0 WARNING(S),  0 ERROR(S)
